0 info it worked if it ends with ok
1 verbose cli [ 'node', '/usr/local/bin/npm', 'publish' ]
2 info using npm@1.3.11
3 info using node@v0.10.21
4 verbose publish [ '.' ]
5 verbose cache add [ '.', null ]
6 verbose cache add name=undefined spec="." args=[".",null]
7 verbose parsed url { protocol: null,
7 verbose parsed url   slashes: null,
7 verbose parsed url   auth: null,
7 verbose parsed url   host: null,
7 verbose parsed url   port: null,
7 verbose parsed url   hostname: null,
7 verbose parsed url   hash: null,
7 verbose parsed url   search: null,
7 verbose parsed url   query: null,
7 verbose parsed url   pathname: '.',
7 verbose parsed url   path: '.',
7 verbose parsed url   href: '.' }
8 silly lockFile 3a52ce78- .
9 verbose lock . /Users/rkalkur/.npm/3a52ce78-.lock
10 verbose tar pack [ '/var/folders/_j/tqckv59x23s9jckp3znx0d6w0000gn/T/npm-9341-8v6d4ray/1414875108370-0.15634384891018271/tmp.tgz',
10 verbose tar pack   '.' ]
11 verbose tarball /var/folders/_j/tqckv59x23s9jckp3znx0d6w0000gn/T/npm-9341-8v6d4ray/1414875108370-0.15634384891018271/tmp.tgz
12 verbose folder .
13 silly lockFile 1f1177db-tar tar://.
14 verbose lock tar://. /Users/rkalkur/.npm/1f1177db-tar.lock
15 silly lockFile 2ef6c388-8370-0-15634384891018271-tmp-tgz tar:///var/folders/_j/tqckv59x23s9jckp3znx0d6w0000gn/T/npm-9341-8v6d4ray/1414875108370-0.15634384891018271/tmp.tgz
16 verbose lock tar:///var/folders/_j/tqckv59x23s9jckp3znx0d6w0000gn/T/npm-9341-8v6d4ray/1414875108370-0.15634384891018271/tmp.tgz /Users/rkalkur/.npm/2ef6c388-8370-0-15634384891018271-tmp-tgz.lock
17 silly lockFile 1f1177db-tar tar://.
18 silly lockFile 1f1177db-tar tar://.
19 silly lockFile 2ef6c388-8370-0-15634384891018271-tmp-tgz tar:///var/folders/_j/tqckv59x23s9jckp3znx0d6w0000gn/T/npm-9341-8v6d4ray/1414875108370-0.15634384891018271/tmp.tgz
20 silly lockFile 2ef6c388-8370-0-15634384891018271-tmp-tgz tar:///var/folders/_j/tqckv59x23s9jckp3znx0d6w0000gn/T/npm-9341-8v6d4ray/1414875108370-0.15634384891018271/tmp.tgz
21 verbose tar unpack /var/folders/_j/tqckv59x23s9jckp3znx0d6w0000gn/T/npm-9341-8v6d4ray/1414875108370-0.15634384891018271/tmp.tgz
22 silly lockFile 4925f6f6-8370-0-15634384891018271-package tar:///var/folders/_j/tqckv59x23s9jckp3znx0d6w0000gn/T/npm-9341-8v6d4ray/1414875108370-0.15634384891018271/package
23 verbose lock tar:///var/folders/_j/tqckv59x23s9jckp3znx0d6w0000gn/T/npm-9341-8v6d4ray/1414875108370-0.15634384891018271/package /Users/rkalkur/.npm/4925f6f6-8370-0-15634384891018271-package.lock
24 silly lockFile 2ef6c388-8370-0-15634384891018271-tmp-tgz tar:///var/folders/_j/tqckv59x23s9jckp3znx0d6w0000gn/T/npm-9341-8v6d4ray/1414875108370-0.15634384891018271/tmp.tgz
25 verbose lock tar:///var/folders/_j/tqckv59x23s9jckp3znx0d6w0000gn/T/npm-9341-8v6d4ray/1414875108370-0.15634384891018271/tmp.tgz /Users/rkalkur/.npm/2ef6c388-8370-0-15634384891018271-tmp-tgz.lock
26 silly gunzTarPerm modes [ '755', '644' ]
27 silly gunzTarPerm extractEntry package.json
28 silly gunzTarPerm extractEntry .npmignore
29 silly gunzTarPerm extractEntry README.md
30 silly gunzTarPerm extractEntry Gruntfile.js
31 silly gunzTarPerm extractEntry LICENSE.md
32 silly gunzTarPerm extractEntry CONTRIBUTING.md
33 silly gunzTarPerm extractEntry bower.json
34 silly gunzTarPerm extractEntry composer.json
35 silly gunzTarPerm extractEntry .travis.yml
36 silly gunzTarPerm extractEntry index.html
37 silly gunzTarPerm extractEntry js/bootstrap-slider.js
38 silly gunzTarPerm extractEntry less/bootstrap-slider.less
39 silly gunzTarPerm extractEntry test/phantom_bind_polyfill.js
40 silly gunzTarPerm extractEntry test/specs/ConflictingOptionsSpec.js
41 silly gunzTarPerm extractEntry test/specs/ElementDataAttributesSpec.js
42 silly gunzTarPerm extractEntry test/specs/EventsSpec.js
43 silly gunzTarPerm extractEntry test/specs/KeyboardSupportSpec.js
44 silly gunzTarPerm extractEntry test/specs/NamespaceSpec.js
45 silly gunzTarPerm extractEntry test/specs/PublicMethodsSpec.js
46 silly gunzTarPerm extractEntry tpl/SpecRunner.tpl
47 silly gunzTarPerm extractEntry tpl/index.tpl
48 silly gunzTarPerm extractEntry sass/slider.scss
49 silly gunzTarPerm extractEntry dist/bootstrap-slider.min.js
50 silly gunzTarPerm extractEntry dist/css/bootstrap-slider.css
51 silly gunzTarPerm extractEntry dist/css/bootstrap-slider.min.css
52 silly lockFile 4925f6f6-8370-0-15634384891018271-package tar:///var/folders/_j/tqckv59x23s9jckp3znx0d6w0000gn/T/npm-9341-8v6d4ray/1414875108370-0.15634384891018271/package
53 silly lockFile 4925f6f6-8370-0-15634384891018271-package tar:///var/folders/_j/tqckv59x23s9jckp3znx0d6w0000gn/T/npm-9341-8v6d4ray/1414875108370-0.15634384891018271/package
54 silly lockFile 2ef6c388-8370-0-15634384891018271-tmp-tgz tar:///var/folders/_j/tqckv59x23s9jckp3znx0d6w0000gn/T/npm-9341-8v6d4ray/1414875108370-0.15634384891018271/tmp.tgz
55 silly lockFile 2ef6c388-8370-0-15634384891018271-tmp-tgz tar:///var/folders/_j/tqckv59x23s9jckp3znx0d6w0000gn/T/npm-9341-8v6d4ray/1414875108370-0.15634384891018271/tmp.tgz
56 verbose tar pack [ '/Users/rkalkur/.npm/bootstrap-slider/4.1.2/package.tgz',
56 verbose tar pack   '/var/folders/_j/tqckv59x23s9jckp3znx0d6w0000gn/T/npm-9341-8v6d4ray/1414875108370-0.15634384891018271/package' ]
57 verbose tarball /Users/rkalkur/.npm/bootstrap-slider/4.1.2/package.tgz
58 verbose folder /var/folders/_j/tqckv59x23s9jckp3znx0d6w0000gn/T/npm-9341-8v6d4ray/1414875108370-0.15634384891018271/package
59 silly lockFile 4925f6f6-8370-0-15634384891018271-package tar:///var/folders/_j/tqckv59x23s9jckp3znx0d6w0000gn/T/npm-9341-8v6d4ray/1414875108370-0.15634384891018271/package
60 verbose lock tar:///var/folders/_j/tqckv59x23s9jckp3znx0d6w0000gn/T/npm-9341-8v6d4ray/1414875108370-0.15634384891018271/package /Users/rkalkur/.npm/4925f6f6-8370-0-15634384891018271-package.lock
61 silly lockFile 5774ef75-otstrap-slider-4-1-2-package-tgz tar:///Users/rkalkur/.npm/bootstrap-slider/4.1.2/package.tgz
62 verbose lock tar:///Users/rkalkur/.npm/bootstrap-slider/4.1.2/package.tgz /Users/rkalkur/.npm/5774ef75-otstrap-slider-4-1-2-package-tgz.lock
63 silly lockFile 4925f6f6-8370-0-15634384891018271-package tar:///var/folders/_j/tqckv59x23s9jckp3znx0d6w0000gn/T/npm-9341-8v6d4ray/1414875108370-0.15634384891018271/package
64 silly lockFile 4925f6f6-8370-0-15634384891018271-package tar:///var/folders/_j/tqckv59x23s9jckp3znx0d6w0000gn/T/npm-9341-8v6d4ray/1414875108370-0.15634384891018271/package
65 silly lockFile 5774ef75-otstrap-slider-4-1-2-package-tgz tar:///Users/rkalkur/.npm/bootstrap-slider/4.1.2/package.tgz
66 silly lockFile 5774ef75-otstrap-slider-4-1-2-package-tgz tar:///Users/rkalkur/.npm/bootstrap-slider/4.1.2/package.tgz
67 silly lockFile 2319d1d8-m-bootstrap-slider-4-1-2-package /Users/rkalkur/.npm/bootstrap-slider/4.1.2/package
68 verbose lock /Users/rkalkur/.npm/bootstrap-slider/4.1.2/package /Users/rkalkur/.npm/2319d1d8-m-bootstrap-slider-4-1-2-package.lock
69 silly lockFile 2319d1d8-m-bootstrap-slider-4-1-2-package /Users/rkalkur/.npm/bootstrap-slider/4.1.2/package
70 silly lockFile 2319d1d8-m-bootstrap-slider-4-1-2-package /Users/rkalkur/.npm/bootstrap-slider/4.1.2/package
71 verbose tar unpack /Users/rkalkur/.npm/bootstrap-slider/4.1.2/package.tgz
72 silly lockFile 087362bf-m-bootstrap-slider-4-1-2-package tar:///Users/rkalkur/.npm/bootstrap-slider/4.1.2/package
73 verbose lock tar:///Users/rkalkur/.npm/bootstrap-slider/4.1.2/package /Users/rkalkur/.npm/087362bf-m-bootstrap-slider-4-1-2-package.lock
74 silly lockFile 5774ef75-otstrap-slider-4-1-2-package-tgz tar:///Users/rkalkur/.npm/bootstrap-slider/4.1.2/package.tgz
75 verbose lock tar:///Users/rkalkur/.npm/bootstrap-slider/4.1.2/package.tgz /Users/rkalkur/.npm/5774ef75-otstrap-slider-4-1-2-package-tgz.lock
76 silly gunzTarPerm modes [ '755', '644' ]
77 silly gunzTarPerm extractEntry package.json
78 silly gunzTarPerm extractEntry .npmignore
79 silly gunzTarPerm extractEntry README.md
80 silly gunzTarPerm extractEntry Gruntfile.js
81 silly gunzTarPerm extractEntry LICENSE.md
82 silly gunzTarPerm extractEntry CONTRIBUTING.md
83 silly gunzTarPerm extractEntry bower.json
84 silly gunzTarPerm extractEntry composer.json
85 silly gunzTarPerm extractEntry .travis.yml
86 silly gunzTarPerm extractEntry index.html
87 silly gunzTarPerm extractEntry js/bootstrap-slider.js
88 silly gunzTarPerm extractEntry less/bootstrap-slider.less
89 silly gunzTarPerm extractEntry tpl/SpecRunner.tpl
90 silly gunzTarPerm extractEntry tpl/index.tpl
91 silly gunzTarPerm extractEntry sass/slider.scss
92 silly gunzTarPerm extractEntry test/phantom_bind_polyfill.js
93 silly gunzTarPerm extractEntry test/specs/ConflictingOptionsSpec.js
94 silly gunzTarPerm extractEntry test/specs/ElementDataAttributesSpec.js
95 silly gunzTarPerm extractEntry test/specs/EventsSpec.js
96 silly gunzTarPerm extractEntry test/specs/KeyboardSupportSpec.js
97 silly gunzTarPerm extractEntry test/specs/NamespaceSpec.js
98 silly gunzTarPerm extractEntry test/specs/PublicMethodsSpec.js
99 silly gunzTarPerm extractEntry dist/bootstrap-slider.min.js
100 silly gunzTarPerm extractEntry dist/css/bootstrap-slider.css
101 silly gunzTarPerm extractEntry dist/css/bootstrap-slider.min.css
102 silly lockFile 087362bf-m-bootstrap-slider-4-1-2-package tar:///Users/rkalkur/.npm/bootstrap-slider/4.1.2/package
103 silly lockFile 087362bf-m-bootstrap-slider-4-1-2-package tar:///Users/rkalkur/.npm/bootstrap-slider/4.1.2/package
104 silly lockFile 5774ef75-otstrap-slider-4-1-2-package-tgz tar:///Users/rkalkur/.npm/bootstrap-slider/4.1.2/package.tgz
105 silly lockFile 5774ef75-otstrap-slider-4-1-2-package-tgz tar:///Users/rkalkur/.npm/bootstrap-slider/4.1.2/package.tgz
106 verbose chmod /Users/rkalkur/.npm/bootstrap-slider/4.1.2/package.tgz 644
107 verbose chown /Users/rkalkur/.npm/bootstrap-slider/4.1.2/package.tgz [ 501, 20 ]
108 silly lockFile 3a52ce78- .
109 silly lockFile 3a52ce78- .
110 silly publish { name: 'bootstrap-slider',
110 silly publish   version: '4.1.2',
110 silly publish   description: 'Slider view component for Twitter Bootstrap.',
110 silly publish   main: 'js/bootstrap-slider.js',
110 silly publish   scripts: { install: 'bower install', test: 'grunt test' },
110 silly publish   repository:
110 silly publish    { type: 'git',
110 silly publish      url: 'git://github.com/seiyria/bootstrap-slider.git' },
110 silly publish   author: '',
110 silly publish   license: 'BSD',
110 silly publish   readmeFilename: 'README.md',
110 silly publish   gitHead: '67eb8fe3c26205efc94ae95b3ef37a469eef0b81',
110 silly publish   dependencies:
110 silly publish    { grunt: '~0.4.1',
110 silly publish      'grunt-contrib-uglify': '~0.2.4',
110 silly publish      'grunt-contrib-jshint': '~0.6.4',
110 silly publish      'grunt-contrib-watch': '~0.5.3',
110 silly publish      'grunt-contrib-connect': '~0.5.0',
110 silly publish      'grunt-contrib-jasmine': '~0.5.2',
110 silly publish      'grunt-template': '~0.2.0',
110 silly publish      'grunt-open': '~0.2.2',
110 silly publish      bower: 'latest',
110 silly publish      'grunt-contrib-less': '~0.7.0',
110 silly publish      'grunt-header': '^1.0.0',
110 silly publish      'grunt-contrib-clean': '^0.6.0',
110 silly publish      'grunt-bump': '0.0.16' },
110 silly publish   gruntConfig:
110 silly publish    { devPort: 9000,
110 silly publish      js:
110 silly publish       { modernizr: 'bower_components/modernizr/modernizr.js',
110 silly publish         jquery: 'bower_components/jquery/dist/jquery.min.js',
110 silly publish         bindPolyfill: 'test/phantom_bind_polyfill.js' },
110 silly publish      less: { slider: 'less/bootstrap-slider.less' },
110 silly publish      css:
110 silly publish       { bootstrap: 'bower_components/bootstrap/dist/css/bootstrap.min.css',
110 silly publish         slider: 'css/bootstrap-slider.css' },
110 silly publish      tpl: { SpecRunner: 'tpl/SpecRunner.tpl', index: 'tpl/index.tpl' },
110 silly publish      temp:
110 silly publish       { js: 'temp/bootstrap-slider.min.js',
110 silly publish         css: 'temp/bootstrap-slider.css',
110 silly publish         cssMin: 'temp/bootstrap-slider.min.css' },
110 silly publish      dist:
110 silly publish       { js: 'dist/bootstrap-slider.min.js',
110 silly publish         css: 'dist/css/bootstrap-slider.css',
110 silly publish         cssMin: 'dist/css/bootstrap-slider.min.css' },
110 silly publish      spec: 'test/specs/**/*.js' },
110 silly publish   devDependencies: { grunt: '~0.4.4' },
110 silly publish   readme: 'bootstrap-slider [![Build Status](https://travis-ci.org/seiyria/bootstrap-slider.png?branch=master)](https://travis-ci.org/seiyria/bootstrap-slider)\n================\nOriginally began as a loose "fork" of bootstrap-slider found on http://www.eyecon.ro/ by Stefan Petre.\n\nOver time, this project has diverged sigfinicantly from Stefan Petre\'s version and is now almost completly different.\n\n__Please ensure that you are using this library instead of the Petre version before creating issues in the repository Issue tracker!!__\n\nInstallation\n============\nClone the repository, then run `npm install`\n\nWant to use bower? `bower install seiyria-bootstrap-slider`\n\nWant to use npm? `npm install bootstrap-slider`\n\nThen load the plugin CSS and JavaScript into your web page, and everything should work!\n\nRemember to load the plugin code after loading the Bootstrap CSS and JQuery.\n\n__JQuery is optional and the plugin can operate with or without it.__\n\nLook below to see an example of how to interact with the non-JQuery interface.\n\nSupported Browsers\n========\n__We only support modern browsers!!! Basically, anything below IE9 is not compatible with this plugin!__\n\nExamples\n========\nYou can see all of our API examples [here](http://seiyria.github.io/bootstrap-slider/).\n\nUsing bootstrap-slider (with JQuery)\n======================\n\nCreate an input element and call .slider() on it:\n\n```js\n// Instantiate a slider\nvar mySlider = $("input.slider").slider();\n\n// Call a method on the slider\nvar value = mySlider.slider(\'getValue\');\n\n// For non-getter methods, you can chain together commands\n\tmySlider\n\t\t.slider(\'setValue\', 5)\n\t\t.slider(\'setValue\', 7);\n```\n\nIf there is already a JQuery plugin named _slider_ bound to the namespace, then this plugin will take on the alternate namespace _bootstrapSlider_.\n\n```\n// Instantiate a slider\nvar mySlider = $("input.slider").bootstrapSlider();\n\n// Call a method on the slider\nvar value = mySlider.bootstrapSlider(\'getValue\');\n\n// For non-getter methods, you can chain together commands\n\tmySlider\n\t\t.bootstrapSlider(\'setValue\', 5)\n\t\t.bootstrapSlider(\'setValue\', 7);\n```\n\nUsing bootstrap-slider (without JQuery)\n======================\n\nCreate an input element in the DOM, and then create an instance of Slider, passing it a selector string referencing the input element.\n\n```js\n// Instantiate a slider\nvar mySlider = new Slider("input.slider", {\n\t// initial options object\n});\n\n// Call a method on the slider\nvar value = mySlider.getValue();\n\n// For non-getter methods, you can chain together commands\nmySlider\n\t.setValue(5)\n\t.setValue(7);\n```\n\nLoading as CommonJS module\n=======\nWhen loading bootstrap-slider as a CommonJS module via [Browserify](https://github.com/substack/node-browserify), [Webpack](https://github.com/webpack/webpack), or some other library, the JQuery dependency is considered to be optional.\n\nFor example, to exclude JQuery from being part of your Browserify build, you would call something like the following (assuming main.js is requiring bootstrap-slider as a dependency):\n\n```\nbrowserify -u jquery main.js > bundle.js\n```\n\nPlease see the documentation for the specific CommonJS loader you are using to find out how to exclude dependencies.\n\nOptions\n=======\nOptions can be passed either as a data (data-slider-foo) attribute, or as part of an object in the slider call. The only exception here is the formatter argument - that can not be passed as a data- attribute.\n\n\n| Name | Type |\tDefault |\tDescription |\n| ---- |:----:|:-------:|:----------- |\n| id | string | \'\' | set the id of the slider element when it\'s created |\n| min |\tfloat\t| 0 |\tminimum possible value |\n| max |\tfloat |\t10 |\tmaximum possible value |\n| step | float |\t1 |\tincrement step |\n| precision | float |\tnumber of digits after the decimal of _step_ value |\tThe number of digits shown after the decimal. Defaults to the number of digits after the decimal of _step_ value. |\n| orientation |\tstring | \'horizontal\' |\tset the orientation. Accepts \'vertical\' or \'horizontal\' |\n| value |\tfloat,array |\t5\t| initial value. Use array to have a range slider. |\n| range |\tbool |\tfalse\t| make range slider. Optional if initial value is an array. If initial value is scalar, max will be used for second value. |\n| selection |\tstring |\t\'before\' |\tselection placement. Accepts: \'before\', \'after\' or \'none\'. In case of a range slider, the selection will be placed between the handles |\n| tooltip |\tstring |\t\'show\' |\twhether to show the tooltip on drag, hide the tooltip, or always show the tooltip. Accepts: \'show\', \'hide\', or \'always\' |\n| tooltip_separator |\tstring |\t\':\' |\ttooltip separator |\n| tooltip_split |\tbool |\tfalse |\tif false show one tootip if true show two tooltips one for each handler |\n| handle |\tstring |\t\'round\' |\thandle shape. Accepts: \'round\', \'square\', \'triangle\' or \'custom\' |\n| reversed | bool | false | whether or not the slider should be reversed |\n| enabled | bool | true | whether or not the slider is initially enabled |\n| formatter |\tfunction |\treturns the plain value |\tformatter callback. Return the value wanted to be displayed in the tooltip |\n| natural_arrow_keys | bool | false | The natural order is used for the arrow keys. Arrow up select the upper slider value for vertical sliders, arrow right the righter slider value for a horizontal slider - no matter if the slider was reversed or not. By default the arrow keys are oriented by arrow up/right to the higher slider value, arrow down/left to the lower slider value. |\n\nFunctions\n=========\n__NOTE:__ Optional parameters are italicized.\n\n| Function | Parameters | Description |\n| -------- | ----------- | ----------- |\n| getValue | --- | Get the current value from the slider |\n| setValue | newValue, _triggerSlideEvent_ | Set a new value for the slider. If optional triggerSlideEvent parameter is _true_, the \'slide\' event will be triggered. |\n| destroy | --- | Properly clean up and remove the slider instance |\n| disable | ---| Disables the slider and prevents the user from changing the value |\n| enable | --- | Enables the slider |\n| toggle | --- | Toggles the slider between enabled and disabled |\n| isEnabled | --- |Returns true if enabled, false if disabled |\n| setAttribute | attribute, value | Updates the slider\'s [attributes](#options) |\n| getAttribute | attribute | Get the slider\'s [attributes](#options) |\n| refresh | --- | Refreshes the current slider |\n| on | eventType, callback | When the slider event _eventType_ is triggered, the callback function will be invoked |\n\nEvents\n======\n| Event | Description |\n| ----- | ----------- |\n| slide | This event fires when the slider is dragged |\n| slideStart | This event fires when dragging starts |\n| slideStop | This event fires when the dragging stops |\n| slideEnabled | This event fires when the slider is enabled |\n| slideDisabled | This event fires when the slider is disabled |\n\nVersion Bumping (Maintainers Only)\n=======\nTo bump the version number across all the various packagement systems the plugin is registered with, please use the [grunt bump](https://github.com/vojtajina/grunt-bump) plugin.\n\n* _grunt bump:patch_ - patch version bump, __0.0.0 -> 0.0.1__\n* _grunt bump:minor_ - minor version bump, __0.0.0 -> 0.1.0__\n* _grunt bump:major_ - major version bump, __0.0.0 -> 1.0.0__\n\n\nOther Platforms & Libraries\n===========================\n- [Ruby on Rails](https://github.com/stationkeeping/bootstrap-slider-rails)\n- [knockout.js](https://github.com/cosminstefanxp/bootstrap-slider-knockout-binding) ([@cosminstefanxp](https://github.com/cosminstefanxp), [#81](https://github.com/seiyria/bootstrap-slider/issues/81))\n- [AngularJS](https://github.com/seiyria/angular-bootstrap-slider)\n- [NuGet](https://www.nuget.org/packages/bootstrap.slider)\n- [MeteorJS](https://github.com/kidovate/meteor-bootstrap-slider)\n\nMaintainers\n============\n- Kyle Kemp\n\t* Twitter: [@seiyria](https://twitter.com/seiyria)\n\t* Github: [seiyria](https://github.com/seiyria)\n- Rohit Kalkur\n\t* Twitter: [@Rovolutionary](https://twitter.com/Rovolutionary)\n\t* Github: [rovolution](https://github.com/rovolution)\n',
110 silly publish   bugs: { url: 'https://github.com/seiyria/bootstrap-slider/issues' },
110 silly publish   _id: 'bootstrap-slider@4.1.2',
110 silly publish   dist: { shasum: 'ed92432f65439db6751d123140cbaf06a2d84268' },
110 silly publish   _from: '.' }
111 verbose url raw bootstrap-slider
112 verbose url resolving [ 'https://registry.npmjs.org/', './bootstrap-slider' ]
113 verbose url resolved https://registry.npmjs.org/bootstrap-slider
114 info trying registry request attempt 1 at 16:51:48
115 http PUT https://registry.npmjs.org/bootstrap-slider
116 http 201 https://registry.npmjs.org/bootstrap-slider
117 verbose url raw bootstrap-slider
118 verbose url resolving [ 'https://registry.npmjs.org/', './bootstrap-slider' ]
119 verbose url resolved https://registry.npmjs.org/bootstrap-slider
120 info trying registry request attempt 1 at 16:51:49
121 http GET https://registry.npmjs.org/bootstrap-slider
122 http 200 https://registry.npmjs.org/bootstrap-slider
123 error publish fail Cannot publish over existing version.
123 error publish fail Update the 'version' field in package.json and try again.
123 error publish fail
123 error publish fail If the previous version was published in error, see:
123 error publish fail     npm help unpublish
123 error publish fail
123 error publish fail To automatically increment version numbers, see:
123 error publish fail     npm help version
124 error System Darwin 14.0.0
125 error command "node" "/usr/local/bin/npm" "publish"
126 error cwd /Users/rkalkur/Documents/Workspace/bootstrap-slider
127 error node -v v0.10.21
128 error npm -v 1.3.11
129 error code EPUBLISHCONFLICT
130 verbose exit [ 1, true ]
